Frontend/CyLife/app/build/intermediates/manifest_merge_blame_file/debug/processDebugMainManifest/manifest-merger-blame-debug-report.txt
1<?xml version="1.0" encoding="utf-8"?>
2<manifest xmlns:android="http://schemas.android.com/apk/res/android"
3    package="com.example.cylife"
4    android:versionCode="1"
5    android:versionName="1.0" >
6
7    <uses-sdk
8        android:minSdkVersion="24"
9        android:targetSdkVersion="34" />
10
11    <uses-permission android:name="android.permission.INTERNET" />
11-->src/main/AndroidManifest.xml:4:5-67
11-->src/main/AndroidManifest.xml:4:22-64
12    <uses-permission android:name="android.permission.ACCESS_NETWORK_STATE" />
12-->src/main/AndroidManifest.xml:5:5-78
12-->src/main/AndroidManifest.xml:5:22-76
13
14    <permission
14-->[androidx.core:core:1.13.0] AndroidManifest.xml:22:5-24:47
15        android:name="com.example.cylife.DYNAMIC_RECEIVER_NOT_EXPORTED_PERMISSION"
15-->[androidx.core:core:1.13.0] AndroidManifest.xml:23:9-81
16        android:protectionLevel="signature" />
16-->[androidx.core:core:1.13.0] AndroidManifest.xml:24:9-44
17
18    <uses-permission android:name="com.example.cylife.DYNAMIC_RECEIVER_NOT_EXPORTED_PERMISSION" /> <!-- Set application settings -->
18-->[androidx.core:core:1.13.0] AndroidManifest.xml:26:5-97
18-->[androidx.core:core:1.13.0] AndroidManifest.xml:26:22-94
19    <application
19-->src/main/AndroidManifest.xml:8:5-46:19
20        android:allowBackup="true"
20-->src/main/AndroidManifest.xml:10:9-35
21        android:appComponentFactory="androidx.core.app.CoreComponentFactory"
21-->[androidx.core:core:1.13.0] AndroidManifest.xml:28:18-86
22        android:dataExtractionRules="@xml/data_extraction_rules"
22-->src/main/AndroidManifest.xml:11:9-65
23        android:debuggable="true"
24        android:extractNativeLibs="false"
25        android:fullBackupContent="@xml/backup_rules"
25-->src/main/AndroidManifest.xml:12:9-54
26        android:icon="@mipmap/ic_launcher"
26-->src/main/AndroidManifest.xml:13:9-43
27        android:label="@string/app_name"
27-->src/main/AndroidManifest.xml:14:9-41
28        android:roundIcon="@mipmap/ic_launcher_round"
28-->src/main/AndroidManifest.xml:15:9-54
29        android:supportsRtl="true"
29-->src/main/AndroidManifest.xml:16:9-35
30        android:theme="@style/Theme.cylife"
30-->src/main/AndroidManifest.xml:17:9-44
31        android:usesCleartextTraffic="true" >
31-->src/main/AndroidManifest.xml:9:9-44
32
33        <!-- LoginActivity (launch activity) -->
34        <activity
34-->src/main/AndroidManifest.xml:21:9-28:20
35            android:name="com.example.cylife.LoginActivity"
35-->src/main/AndroidManifest.xml:22:13-60
36            android:exported="true" >
36-->src/main/AndroidManifest.xml:23:13-36
37            <intent-filter>
37-->src/main/AndroidManifest.xml:24:13-27:29
38                <action android:name="android.intent.action.MAIN" />
38-->src/main/AndroidManifest.xml:25:17-69
38-->src/main/AndroidManifest.xml:25:25-66
39
40                <category android:name="android.intent.category.LAUNCHER" />
40-->src/main/AndroidManifest.xml:26:17-77
40-->src/main/AndroidManifest.xml:26:27-74
41            </intent-filter>
42        </activity>
43        <activity android:name="com.example.cylife.WelcomeActivity" />
43-->src/main/AndroidManifest.xml:30:9-52
43-->src/main/AndroidManifest.xml:30:19-50
44        <activity android:name="com.example.cylife.SignupActivity" />
44-->src/main/AndroidManifest.xml:31:9-51
44-->src/main/AndroidManifest.xml:31:19-49
45        <activity android:name="com.example.cylife.AccountActivity" />
45-->src/main/AndroidManifest.xml:32:9-52
45-->src/main/AndroidManifest.xml:32:19-50
46        <activity android:name="com.example.cylife.clubActivity" />
46-->src/main/AndroidManifest.xml:33:9-49
46-->src/main/AndroidManifest.xml:33:19-47
47        <activity android:name="com.example.cylife.organizationActivity" />
47-->src/main/AndroidManifest.xml:34:9-57
47-->src/main/AndroidManifest.xml:34:19-55
48        <activity android:name="com.example.cylife.WelcomeActivityStudent" />
48-->src/main/AndroidManifest.xml:35:9-59
48-->src/main/AndroidManifest.xml:35:19-57
49        <activity android:name="com.example.cylife.ChatActivity" />
49-->src/main/AndroidManifest.xml:36:9-49
49-->src/main/AndroidManifest.xml:36:19-46
50        <activity android:name="com.example.cylife.JoinClubActivity" />
50-->src/main/AndroidManifest.xml:37:9-53
50-->src/main/AndroidManifest.xml:37:19-51
51        <activity android:name="com.example.cylife.ChatScreenActivity" />
51-->src/main/AndroidManifest.xml:38:9-56
51-->src/main/AndroidManifest.xml:38:19-53
52        <activity android:name="com.example.cylife.RequestClub" />
52-->src/main/AndroidManifest.xml:39:9-48
52-->src/main/AndroidManifest.xml:39:19-46
53        <activity android:name="com.example.cylife.WelcomeActivityClub" />
53-->src/main/AndroidManifest.xml:40:9-56
53-->src/main/AndroidManifest.xml:40:19-54
54        <activity android:name="com.example.cylife.EditClub" />
54-->src/main/AndroidManifest.xml:41:9-45
54-->src/main/AndroidManifest.xml:41:19-43
55        <activity android:name="com.example.cylife.EventsActivity" />
55-->src/main/AndroidManifest.xml:42:9-51
55-->src/main/AndroidManifest.xml:42:19-49
56        <activity android:name="com.example.cylife.ShowEvents" />
56-->src/main/AndroidManifest.xml:43:9-47
56-->src/main/AndroidManifest.xml:43:19-45
57        <activity android:name="com.example.cylife.ViewUsers" />
57-->src/main/AndroidManifest.xml:44:9-46
57-->src/main/AndroidManifest.xml:44:19-44
58
59        <provider
59-->[androidx.emoji2:emoji2:1.3.0] AndroidManifest.xml:24:9-32:20
60            android:name="androidx.startup.InitializationProvider"
60-->[androidx.emoji2:emoji2:1.3.0] AndroidManifest.xml:25:13-67
61            android:authorities="com.example.cylife.androidx-startup"
61-->[androidx.emoji2:emoji2:1.3.0] AndroidManifest.xml:26:13-68
62            android:exported="false" >
62-->[androidx.emoji2:emoji2:1.3.0] AndroidManifest.xml:27:13-37
63            <meta-data
63-->[androidx.emoji2:emoji2:1.3.0] AndroidManifest.xml:29:13-31:52
64                android:name="androidx.emoji2.text.EmojiCompatInitializer"
64-->[androidx.emoji2:emoji2:1.3.0] AndroidManifest.xml:30:17-75
65                android:value="androidx.startup" />
65-->[androidx.emoji2:emoji2:1.3.0] AndroidManifest.xml:31:17-49
66            <meta-data
66-->[androidx.lifecycle:lifecycle-process:2.6.2] AndroidManifest.xml:29:13-31:52
67                android:name="androidx.lifecycle.ProcessLifecycleInitializer"
67-->[androidx.lifecycle:lifecycle-process:2.6.2] AndroidManifest.xml:30:17-78
68                android:value="androidx.startup" />
68-->[androidx.lifecycle:lifecycle-process:2.6.2] AndroidManifest.xml:31:17-49
69            <meta-data
69-->[androidx.profileinstaller:profileinstaller:1.3.1] AndroidManifest.xml:29:13-31:52
70                android:name="androidx.profileinstaller.ProfileInstallerInitializer"
70-->[androidx.profileinstaller:profileinstaller:1.3.1] AndroidManifest.xml:30:17-85
71                android:value="androidx.startup" />
71-->[androidx.profileinstaller:profileinstaller:1.3.1] AndroidManifest.xml:31:17-49
72        </provider>
73
74        <receiver
74-->[androidx.profileinstaller:profileinstaller:1.3.1] AndroidManifest.xml:34:9-52:20
75            android:name="androidx.profileinstaller.ProfileInstallReceiver"
75-->[androidx.profileinstaller:profileinstaller:1.3.1] AndroidManifest.xml:35:13-76
76            android:directBootAware="false"
76-->[androidx.profileinstaller:profileinstaller:1.3.1] AndroidManifest.xml:36:13-44
77            android:enabled="true"
77-->[androidx.profileinstaller:profileinstaller:1.3.1] AndroidManifest.xml:37:13-35
78            android:exported="true"
78-->[androidx.profileinstaller:profileinstaller:1.3.1] AndroidManifest.xml:38:13-36
79            android:permission="android.permission.DUMP" >
79-->[androidx.profileinstaller:profileinstaller:1.3.1] AndroidManifest.xml:39:13-57
80            <intent-filter>
80-->[androidx.profileinstaller:profileinstaller:1.3.1] AndroidManifest.xml:40:13-42:29
81                <action android:name="androidx.profileinstaller.action.INSTALL_PROFILE" />
81-->[androidx.profileinstaller:profileinstaller:1.3.1] AndroidManifest.xml:41:17-91
81-->[androidx.profileinstaller:profileinstaller:1.3.1] AndroidManifest.xml:41:25-88
82            </intent-filter>
83            <intent-filter>
83-->[androidx.profileinstaller:profileinstaller:1.3.1] AndroidManifest.xml:43:13-45:29
84                <action android:name="androidx.profileinstaller.action.SKIP_FILE" />
84-->[androidx.profileinstaller:profileinstaller:1.3.1] AndroidManifest.xml:44:17-85
84-->[androidx.profileinstaller:profileinstaller:1.3.1] AndroidManifest.xml:44:25-82
85            </intent-filter>
86            <intent-filter>
86-->[androidx.profileinstaller:profileinstaller:1.3.1] AndroidManifest.xml:46:13-48:29
87                <action android:name="androidx.profileinstaller.action.SAVE_PROFILE" />
87-->[androidx.profileinstaller:profileinstaller:1.3.1] AndroidManifest.xml:47:17-88
87-->[androidx.profileinstaller:profileinstaller:1.3.1] AndroidManifest.xml:47:25-85
88            </intent-filter>
89            <intent-filter>
89-->[androidx.profileinstaller:profileinstaller:1.3.1] AndroidManifest.xml:49:13-51:29
90                <action android:name="androidx.profileinstaller.action.BENCHMARK_OPERATION" />
90-->[androidx.profileinstaller:profileinstaller:1.3.1] AndroidManifest.xml:50:17-95
90-->[androidx.profileinstaller:profileinstaller:1.3.1] AndroidManifest.xml:50:25-92
91            </intent-filter>
92        </receiver>
93    </application>
94
95</manifest>